<?xml version="1.0" encoding="UTF-8"?>
<!-- Generated by org.testng.reporters.JUnitXMLReporter -->
<testsuite hostname="LAPTOP-B6A6O6DT" ignored="0" name="Default test" tests="4" failures="0" timestamp="2023-01-11T11:32:23 IST" time="12.329" errors="0">
  <testcase name="loginToMytra" time="3.682" classname="Maincode.Maincode"/>
  <testcase name="loginToProfile" time="3.558" classname="Maincode.Maincode"/>
  <testcase name="validateHomeAndLiving" time="4.106" classname="Maincode.Maincode"/>
  <testcase name="validateSortByItems" time="0.899" classname="Maincode.Maincode"/>
</testsuite> <!-- Default test -->
