<?xml version="1.0" encoding="UTF-8"?>
<testng-results skipped="0" failed="1" ignored="0" total="1" passed="0">
  <reporter-output>
  </reporter-output>
  <suite name="Default suite" duration-ms="15765" started-at="2022-09-13T11:23:00 IST" finished-at="2022-09-13T11:23:15 IST">
    <groups>
    </groups>
    <test name="Default test" duration-ms="15765" started-at="2022-09-13T11:23:00 IST" finished-at="2022-09-13T11:23:15 IST">
      <class name="hybridprojdemo.poidata">
        <test-method status="PASS" signature="setup()[pri:0, instance:hybridprojdemo.poidata@2bbf4b8b]" name="setup" is-config="true" duration-ms="15424" started-at="2022-09-13T11:23:00 IST" finished-at="2022-09-13T11:23:15 IST">
          <reporter-output>
          </reporter-output>
        </test-method> <!-- setup -->
        <test-method status="FAIL" signature="dataRead()[pri:0, instance:hybridprojdemo.poidata@2bbf4b8b]" name="dataRead" duration-ms="252" started-at="2022-09-13T11:23:15 IST" finished-at="2022-09-13T11:23:15 IST">
          <exception class="org.apache.poi.POIXMLException">
            <message>
              <![CDATA[java.lang.reflect.InvocationTargetException]]>
            </message>
            <full-stacktrace>
              <![CDATA[org.apache.poi.POIXMLException: java.lang.reflect.InvocationTargetException
at org.apache.poi.POIXMLFactory.createDocumentPart(POIXMLFactory.java:65)
at org.apache.poi.POIXMLDocumentPart.read(POIXMLDocumentPart.java:601)
at org.apache.poi.POIXMLDocument.load(POIXMLDocument.java:174)
at org.apache.poi.xssf.usermodel.XSSFWorkbook.<init>(XSSFWorkbook.java:279)
at hybridprojdemo.poidata.dataRead(poidata.java:42)
at sun.reflect.NativeMethodAccessorImpl.invoke0(Native Method)
at sun.reflect.NativeMethodAccessorImpl.invoke(Unknown Source)
at sun.reflect.DelegatingMethodAccessorImpl.invoke(Unknown Source)
at java.lang.reflect.Method.invoke(Unknown Source)
at org.testng.internal.MethodInvocationHelper.invokeMethod(MethodInvocationHelper.java:132)
at org.testng.internal.TestInvoker.invokeMethod(TestInvoker.java:599)
at org.testng.internal.TestInvoker.invokeTestMethod(TestInvoker.java:174)
at org.testng.internal.MethodRunner.runInSequence(MethodRunner.java:46)
at org.testng.internal.TestInvoker$MethodInvocationAgent.invoke(TestInvoker.java:822)
at org.testng.internal.TestInvoker.invokeTestMethods(TestInvoker.java:147)
at org.testng.internal.TestMethodWorker.invokeTestMethods(TestMethodWorker.java:146)
at org.testng.internal.TestMethodWorker.run(TestMethodWorker.java:128)
at java.util.ArrayList.forEach(Unknown Source)
at org.testng.TestRunner.privateRun(TestRunner.java:764)
at org.testng.TestRunner.run(TestRunner.java:585)
at org.testng.SuiteRunner.runTest(SuiteRunner.java:384)
at org.testng.SuiteRunner.runSequentially(SuiteRunner.java:378)
at org.testng.SuiteRunner.privateRun(SuiteRunner.java:337)
at org.testng.SuiteRunner.run(SuiteRunner.java:286)
at org.testng.SuiteRunnerWorker.runSuite(SuiteRunnerWorker.java:53)
at org.testng.SuiteRunnerWorker.run(SuiteRunnerWorker.java:96)
at org.testng.TestNG.runSuitesSequentially(TestNG.java:1218)
at org.testng.TestNG.runSuitesLocally(TestNG.java:1140)
at org.testng.TestNG.runSuites(TestNG.java:1069)
at org.testng.TestNG.run(TestNG.java:1037)
at org.testng.remote.AbstractRemoteTestNG.run(AbstractRemoteTestNG.java:115)
at org.testng.remote.RemoteTestNG.initAndRun(RemoteTestNG.java:251)
at org.testng.remote.RemoteTestNG.main(RemoteTestNG.java:77)
Caused by: java.lang.reflect.InvocationTargetException
at sun.reflect.NativeConstructorAccessorImpl.newInstance0(Native Method)
at sun.reflect.NativeConstructorAccessorImpl.newInstance(Unknown Source)
at sun.reflect.DelegatingConstructorAccessorImpl.newInstance(Unknown Source)
at java.lang.reflect.Constructor.newInstance(Unknown Source)
at org.apache.poi.xssf.usermodel.XSSFFactory.createDocumentPart(XSSFFactory.java:56)
at org.apache.poi.POIXMLFactory.createDocumentPart(POIXMLFactory.java:62)
... 32 more
Caused by: java.lang.NoSuchMethodError: org.apache.xmlbeans.XmlOptions.setLoadEntityBytesLimit(I)Lorg/apache/xmlbeans/XmlOptions;
at org.apache.poi.POIXMLTypeLoader.<clinit>(POIXMLTypeLoader.java:50)
at org.apache.poi.xssf.model.ThemesTable.<init>(ThemesTable.java:85)
... 38 more
]]>
            </full-stacktrace>
          </exception> <!-- org.apache.poi.POIXMLException -->
          <reporter-output>
          </reporter-output>
        </test-method> <!-- dataRead -->
      </class> <!-- hybridprojdemo.poidata -->
    </test> <!-- Default test -->
  </suite> <!-- Default suite -->
</testng-results>
