<?xml version="1.0" encoding="UTF-8"?>
<!-- Generated by org.testng.reporters.JUnitXMLReporter -->
<testsuite hostname="LAPTOP-B6A6O6DT" ignored="0" name="Default test" tests="3" failures="0" timestamp="2022-02-03T18:04:57 IST" time="0.14" errors="0">
  <testcase name="zest" time="0.018" classname="sampletestng.firstprog"/>
  <testcase name="test" time="0.003" classname="sampletestng.firstprog"/>
  <testcase name="abc" time="0.003" classname="sampletestng.firstprog"/>
</testsuite> <!-- Default test -->
